<?xml version="1.0" encoding="UTF-8"?>
<!-- Generated by org.testng.reporters.JUnitReportReporter -->
<testsuite hostname="DESKTOP-A9IKKQ4" failures="0" tests="4" name="api.test.UserTests" time="8.589" errors="0" timestamp="2025-08-13T15:14:44 IST" skipped="0">
  <testcase classname="api.test.UserTests" name="testPostUser" time="3.285"/>
  <testcase classname="api.test.UserTests" name="testGetUserByName" time="1.426"/>
  <testcase classname="api.test.UserTests" name="testUpdateUserByName" time="2.577"/>
  <testcase classname="api.test.UserTests" name="testDeleteByUserName" time="1.301"/>
</testsuite> <!-- api.test.UserTests -->
