<?xml version="1.0" encoding="UTF-8"?>
<!-- Generated by org.testng.reporters.JUnitReportReporter -->
<testsuite hostname="DESKTOP-A9IKKQ4" failures="0" tests="6" name="api.test.DDTests" time="7.083" errors="0" timestamp="2025-08-13T21:56:47 IST" skipped="0">
  <testcase classname="api.test.DDTests" name="testPostUser" time="1.184"/>
  <testcase classname="api.test.DDTests" name="testPostUser" time="1.201"/>
  <testcase classname="api.test.DDTests" name="testPostUser" time="1.199"/>
  <testcase classname="api.test.DDTests" name="testDeleteUserByName" time="1.169"/>
  <testcase classname="api.test.DDTests" name="testDeleteUserByName" time="1.171"/>
  <testcase classname="api.test.DDTests" name="testDeleteUserByName" time="1.159"/>
</testsuite> <!-- api.test.DDTests -->
