<?xml version="1.0" encoding="UTF-8"?>
<!-- Generated by org.testng.reporters.JUnitReportReporter -->
<testsuite hostname="DESKTOP-A9IKKQ4" failures="0" tests="4" name="api.test.UserTests2" time="5.869" errors="0" timestamp="2025-08-13T21:56:47 IST" skipped="0">
  <testcase classname="api.test.UserTests2" name="testPostUser" time="1.181"/>
  <testcase classname="api.test.UserTests2" name="testGetUserByName" time="1.166"/>
  <testcase classname="api.test.UserTests2" name="testUpdateUserByName" time="2.350"/>
  <testcase classname="api.test.UserTests2" name="testDeleteByUserName" time="1.172"/>
</testsuite> <!-- api.test.UserTests2 -->
