<?xml version="1.0" encoding="UTF-8"?>
<!-- Generated by org.testng.reporters.JUnitReportReporter -->
<testsuite hostname="DESKTOP-A9IKKQ4" failures="0" tests="6" name="api.test.DDTests" time="9.000" errors="0" timestamp="2025-08-13T15:13:25 IST" skipped="0">
  <testcase classname="api.test.DDTests" name="testPostUser" time="3.017"/>
  <testcase classname="api.test.DDTests" name="testPostUser" time="1.162"/>
  <testcase classname="api.test.DDTests" name="testPostUser" time="1.218"/>
  <testcase classname="api.test.DDTests" name="testDeleteUserByName" time="1.198"/>
  <testcase classname="api.test.DDTests" name="testDeleteUserByName" time="1.232"/>
  <testcase classname="api.test.DDTests" name="testDeleteUserByName" time="1.173"/>
</testsuite> <!-- api.test.DDTests -->
